2018-12-12 21:07:47,620 INFO org.springframework.boot.StartupInfoLogger [main] Starting GeekMarketApplication on FlameXander-PC with PID 23188 (C:\Users\FlameXander\Desktop\geek-market\target\classes started by FlameXander in C:\Users\FlameXander\Desktop\geek-market)
2018-12-12 21:07:47,623 DEBUG org.springframework.boot.StartupInfoLogger [main] Running with Spring Boot v2.1.0.RELEASE, Spring v5.1.2.RELEASE
2018-12-12 21:07:47,625 INFO org.springframework.boot.SpringApplication [main] No active profile set, falling back to default profiles: default
2018-12-12 21:07:48,755 INFO org.springframework.data.repository.config.RepositoryConfigurationDelegate [main] Bootstrapping Spring Data repositories in DEFAULT mode.
2018-12-12 21:07:48,842 INFO org.springframework.data.repository.config.RepositoryConfigurationDelegate [main] Finished Spring Data repository scanning in 77ms. Found 7 repository interfaces.
2018-12-12 21:07:49,336 INFO org.springframework.context.support.PostProcessorRegistrationDelegate$BeanPostProcessorChecker [main] Bean 'org.springframework.transaction.annotation.ProxyTransactionManagementConfiguration' of type [org.springframework.transaction.annotation.ProxyTransactionManagementConfiguration$$EnhancerBySpringCGLIB$$173ab992] is not eligible for getting processed by all BeanPostProcessors (for example: not eligible for auto-proxying)
2018-12-12 21:07:49,466 INFO org.springframework.context.support.PostProcessorRegistrationDelegate$BeanPostProcessorChecker [main] Bean 'org.springframework.security.config.annotation.configuration.ObjectPostProcessorConfiguration' of type [org.springframework.security.config.annotation.configuration.ObjectPostProcessorConfiguration$$EnhancerBySpringCGLIB$$afe881cc] is not eligible for getting processed by all BeanPostProcessors (for example: not eligible for auto-proxying)
2018-12-12 21:07:49,471 INFO org.springframework.context.support.PostProcessorRegistrationDelegate$BeanPostProcessorChecker [main] Bean 'objectPostProcessor' of type [org.springframework.security.config.annotation.configuration.AutowireBeanFactoryObjectPostProcessor] is not eligible for getting processed by all BeanPostProcessors (for example: not eligible for auto-proxying)
2018-12-12 21:07:49,473 INFO org.springframework.context.support.PostProcessorRegistrationDelegate$BeanPostProcessorChecker [main] Bean 'org.springframework.security.access.expression.method.DefaultMethodSecurityExpressionHandler@23592946' of type [org.springframework.security.access.expression.method.DefaultMethodSecurityExpressionHandler] is not eligible for getting processed by all BeanPostProcessors (for example: not eligible for auto-proxying)
2018-12-12 21:07:49,475 INFO org.springframework.context.support.PostProcessorRegistrationDelegate$BeanPostProcessorChecker [main] Bean 'org.springframework.security.config.annotation.method.configuration.GlobalMethodSecurityConfiguration' of type [org.springframework.security.config.annotation.method.configuration.GlobalMethodSecurityConfiguration$$EnhancerBySpringCGLIB$$d4bd247e] is not eligible for getting processed by all BeanPostProcessors (for example: not eligible for auto-proxying)
2018-12-12 21:07:49,480 INFO org.springframework.context.support.PostProcessorRegistrationDelegate$BeanPostProcessorChecker [main] Bean 'methodSecurityMetadataSource' of type [org.springframework.security.access.method.DelegatingMethodSecurityMetadataSource] is not eligible for getting processed by all BeanPostProcessors (for example: not eligible for auto-proxying)
2018-12-12 21:07:50,050 INFO org.springframework.boot.web.embedded.tomcat.TomcatWebServer [main] Tomcat initialized with port(s): 8189 (http)
2018-12-12 21:07:50,067 INFO org.apache.juli.logging.DirectJDKLog [main] Initializing ProtocolHandler ["http-nio-8189"]
2018-12-12 21:07:50,077 INFO org.apache.juli.logging.DirectJDKLog [main] Starting service [Tomcat]
2018-12-12 21:07:50,077 INFO org.apache.juli.logging.DirectJDKLog [main] Starting Servlet Engine: Apache Tomcat/9.0.12
2018-12-12 21:07:50,092 INFO org.apache.juli.logging.DirectJDKLog [main] The APR based Apache Tomcat Native library which allows optimal performance in production environments was not found on the java.library.path: [C:\Program Files\Java\jdk1.8.0_131\bin;C:\Windows\Sun\Java\bin;C:\Windows\system32;C:\Windows;C:\Program Files\NVIDIA GPU Computing Toolkit\CUDA\v9.0\bin;C:\Program Files\NVIDIA GPU Computing Toolkit\CUDA\v9.0\libnvvp;C:\Program Files\NVIDIA GPU Computing Toolkit\CUDA\v9.1\bin;C:\Program Files\NVIDIA GPU Computing Toolkit\CUDA\v9.1\libnvvp;C:\Program Files\Python36\Scripts\;C:\Program Files\Python36\;C:\ProgramData\Oracle\Java\javapath;C:\Program Files\Java\jdk1.8.0_111\bin;C:\Windows\system32;C:\Windows;C:\Windows\System32\Wbem;C:\Windows\System32\WindowsPowerShell\v1.0\;C:\Program Files (x86)\NVIDIA Corporation\PhysX\Common;D:\MyProgramms\QuickTime\QTSystem\;C:\Program Files\MySQL\MySQL Utilities 1.6\;C:\Program Files\Git\cmd;C:\Program Files (x86)\Windows Kits\8.1\Windows Performance Toolkit\;C:\apache-maven-3.5.0\bin\;C:\Program Files\NVIDIA GPU Computing Toolkit\CUDA\v9.1\bin;C:\Program Files\NVIDIA GPU Computing Toolkit\CUDA\v9.0\bin;C:\models-master\research;C:\models-master\research\slim;C:\models-master\research\;C:\models-master\research\object_detection\core;C:\models-master\research\object_detection;C:\models-master\research\slim;;.]
2018-12-12 21:07:50,217 INFO org.apache.juli.logging.DirectJDKLog [main] Initializing Spring embedded WebApplicationContext
2018-12-12 21:07:50,218 INFO org.springframework.boot.web.servlet.context.ServletWebServerApplicationContext [main] Root WebApplicationContext: initialization completed in 2555 ms
2018-12-12 21:07:50,681 INFO org.springframework.boot.web.servlet.AbstractFilterRegistrationBean [main] Mapping filter: 'characterEncodingFilter' to: [/*]
2018-12-12 21:07:50,682 INFO org.springframework.boot.web.servlet.AbstractFilterRegistrationBean [main] Mapping filter: 'webMvcMetricsFilter' to: [/*]
2018-12-12 21:07:50,682 INFO org.springframework.boot.web.servlet.AbstractFilterRegistrationBean [main] Mapping filter: 'hiddenHttpMethodFilter' to: [/*]
2018-12-12 21:07:50,682 INFO org.springframework.boot.web.servlet.AbstractFilterRegistrationBean [main] Mapping filter: 'formContentFilter' to: [/*]
2018-12-12 21:07:50,683 INFO org.springframework.boot.web.servlet.AbstractFilterRegistrationBean [main] Mapping filter: 'requestContextFilter' to: [/*]
2018-12-12 21:07:50,683 INFO org.springframework.boot.web.servlet.AbstractFilterRegistrationBean [main] Mapping filter: 'springSecurityFilterChain' to: [/*]
2018-12-12 21:07:50,684 INFO org.springframework.boot.web.servlet.AbstractFilterRegistrationBean [main] Mapping filter: 'httpTraceFilter' to: [/*]
2018-12-12 21:07:50,684 INFO org.springframework.boot.web.servlet.ServletRegistrationBean [main] Servlet dispatcherServlet mapped to [/]
2018-12-12 21:07:50,764 INFO org.flywaydb.core.internal.logging.slf4j.Slf4jLog [main] Flyway Community Edition 5.2.1 by Boxfuse
2018-12-12 21:07:50,775 INFO com.zaxxer.hikari.HikariDataSource [main] HikariPool-1 - Starting...
2018-12-12 21:07:50,967 INFO com.zaxxer.hikari.HikariDataSource [main] HikariPool-1 - Start completed.
2018-12-12 21:07:50,970 INFO org.flywaydb.core.internal.logging.slf4j.Slf4jLog [main] Database: jdbc:mysql://localhost:3306/geek_market (MySQL 5.7)
2018-12-12 21:07:51,046 INFO org.flywaydb.core.internal.logging.slf4j.Slf4jLog [main] Successfully validated 1 migration (execution time 00:00.033s)
2018-12-12 21:07:51,053 INFO org.flywaydb.core.internal.logging.slf4j.Slf4jLog [main] Current version of schema `geek_market`: 1
2018-12-12 21:07:51,053 INFO org.flywaydb.core.internal.logging.slf4j.Slf4jLog [main] Schema `geek_market` is up to date. No migration necessary.
2018-12-12 21:07:51,201 INFO org.hibernate.jpa.internal.util.LogHelper [main] HHH000204: Processing PersistenceUnitInfo [
	name: default
	...]
2018-12-12 21:07:51,290 INFO org.hibernate.Version [main] HHH000412: Hibernate Core {5.3.7.Final}
2018-12-12 21:07:51,292 INFO org.hibernate.cfg.Environment [main] HHH000206: hibernate.properties not found
2018-12-12 21:07:51,471 INFO org.hibernate.annotations.common.reflection.java.JavaReflectionManager [main] HCANN000001: Hibernate Commons Annotations {5.0.4.Final}
2018-12-12 21:07:51,658 INFO org.hibernate.dialect.Dialect [main] HHH000400: Using dialect: org.hibernate.dialect.MySQL5Dialect
2018-12-12 21:07:52,636 INFO org.springframework.orm.jpa.AbstractEntityManagerFactoryBean [main] Initialized JPA EntityManagerFactory for persistence unit 'default'
2018-12-12 21:07:53,354 INFO org.springframework.scheduling.concurrent.ExecutorConfigurationSupport [main] Initializing ExecutorService 'applicationTaskExecutor'
2018-12-12 21:07:53,402 WARN org.springframework.boot.autoconfigure.orm.jpa.JpaBaseConfiguration$JpaWebConfiguration$JpaWebMvcConfiguration [main] spring.jpa.open-in-view is enabled by default. Therefore, database queries may be performed during view rendering. Explicitly configure spring.jpa.open-in-view to disable this warning
2018-12-12 21:07:53,542 INFO org.springframework.boot.autoconfigure.web.servlet.WelcomePageHandlerMapping [main] Adding welcome page template: index
2018-12-12 21:07:53,723 INFO org.springframework.security.web.DefaultSecurityFilterChain [main] Creating filter chain: any request, [org.springframework.security.web.context.request.async.WebAsyncManagerIntegrationFilter@6d6712b7, org.springframework.security.web.context.SecurityContextPersistenceFilter@77ec9fdb, org.springframework.security.web.header.HeaderWriterFilter@24842b8e, org.springframework.security.web.csrf.CsrfFilter@2fca282c, org.springframework.security.web.authentication.logout.LogoutFilter@3a116ca6, org.springframework.security.web.authentication.UsernamePasswordAuthenticationFilter@696298ea, org.springframework.security.web.savedrequest.RequestCacheAwareFilter@2361365c, org.springframework.security.web.servletapi.SecurityContextHolderAwareRequestFilter@57f725b8, org.springframework.security.web.authentication.AnonymousAuthenticationFilter@4f563f96, org.springframework.security.web.session.SessionManagementFilter@22368ddc, org.springframework.security.web.access.ExceptionTranslationFilter@432eb882, org.springframework.security.web.access.intercept.FilterSecurityInterceptor@d08f85a]
2018-12-12 21:07:53,967 INFO org.springframework.boot.actuate.endpoint.web.EndpointLinksResolver [main] Exposing 16 endpoint(s) beneath base path '/actuator'
2018-12-12 21:07:54,060 INFO org.apache.juli.logging.DirectJDKLog [main] Starting ProtocolHandler ["http-nio-8189"]
2018-12-12 21:07:54,069 INFO org.apache.juli.logging.DirectJDKLog [main] Using a shared selector for servlet write/read
2018-12-12 21:07:54,086 INFO org.springframework.boot.web.embedded.tomcat.TomcatWebServer [main] Tomcat started on port(s): 8189 (http) with context path '/geekmarket'
2018-12-12 21:07:54,088 INFO org.springframework.boot.StartupInfoLogger [main] Started GeekMarketApplication in 6.989 seconds (JVM running for 7.654)
2018-12-12 21:08:09,845 INFO org.apache.juli.logging.DirectJDKLog [http-nio-8189-exec-1] Initializing Spring DispatcherServlet 'dispatcherServlet'
2018-12-12 21:08:09,845 INFO org.springframework.web.servlet.FrameworkServlet [http-nio-8189-exec-1] Initializing Servlet 'dispatcherServlet'
2018-12-12 21:08:09,855 INFO org.springframework.web.servlet.FrameworkServlet [http-nio-8189-exec-1] Completed initialization in 9 ms
2018-12-12 21:08:15,789 INFO org.hibernate.hql.internal.QueryTranslatorFactoryInitiator [http-nio-8189-exec-1] HHH000397: Using ASTQueryTranslatorFactory
2018-12-12 21:40:55,042 INFO org.springframework.boot.StartupInfoLogger [main] Starting GeekMarketApplication on FlameXander-PC with PID 30572 (C:\Users\FlameXander\Desktop\geek-market\target\classes started by FlameXander in C:\Users\FlameXander\Desktop\geek-market)
2018-12-12 21:40:55,044 DEBUG org.springframework.boot.StartupInfoLogger [main] Running with Spring Boot v2.1.0.RELEASE, Spring v5.1.2.RELEASE
2018-12-12 21:40:55,046 INFO org.springframework.boot.SpringApplication [main] No active profile set, falling back to default profiles: default
2018-12-12 21:40:56,168 INFO org.springframework.data.repository.config.RepositoryConfigurationDelegate [main] Bootstrapping Spring Data repositories in DEFAULT mode.
2018-12-12 21:40:56,244 INFO org.springframework.data.repository.config.RepositoryConfigurationDelegate [main] Finished Spring Data repository scanning in 70ms. Found 7 repository interfaces.
2018-12-12 21:40:56,708 INFO org.springframework.context.support.PostProcessorRegistrationDelegate$BeanPostProcessorChecker [main] Bean 'org.springframework.transaction.annotation.ProxyTransactionManagementConfiguration' of type [org.springframework.transaction.annotation.ProxyTransactionManagementConfiguration$$EnhancerBySpringCGLIB$$31e0b64] is not eligible for getting processed by all BeanPostProcessors (for example: not eligible for auto-proxying)
2018-12-12 21:40:56,818 INFO org.springframework.context.support.PostProcessorRegistrationDelegate$BeanPostProcessorChecker [main] Bean 'org.springframework.security.config.annotation.configuration.ObjectPostProcessorConfiguration' of type [org.springframework.security.config.annotation.configuration.ObjectPostProcessorConfiguration$$EnhancerBySpringCGLIB$$9bcbd39e] is not eligible for getting processed by all BeanPostProcessors (for example: not eligible for auto-proxying)
2018-12-12 21:40:56,828 INFO org.springframework.context.support.PostProcessorRegistrationDelegate$BeanPostProcessorChecker [main] Bean 'objectPostProcessor' of type [org.springframework.security.config.annotation.configuration.AutowireBeanFactoryObjectPostProcessor] is not eligible for getting processed by all BeanPostProcessors (for example: not eligible for auto-proxying)
2018-12-12 21:40:56,830 INFO org.springframework.context.support.PostProcessorRegistrationDelegate$BeanPostProcessorChecker [main] Bean 'org.springframework.security.access.expression.method.DefaultMethodSecurityExpressionHandler@702c436b' of type [org.springframework.security.access.expression.method.DefaultMethodSecurityExpressionHandler] is not eligible for getting processed by all BeanPostProcessors (for example: not eligible for auto-proxying)
2018-12-12 21:40:56,834 INFO org.springframework.context.support.PostProcessorRegistrationDelegate$BeanPostProcessorChecker [main] Bean 'org.springframework.security.config.annotation.method.configuration.GlobalMethodSecurityConfiguration' of type [org.springframework.security.config.annotation.method.configuration.GlobalMethodSecurityConfiguration$$EnhancerBySpringCGLIB$$c0a07650] is not eligible for getting processed by all BeanPostProcessors (for example: not eligible for auto-proxying)
2018-12-12 21:40:56,840 INFO org.springframework.context.support.PostProcessorRegistrationDelegate$BeanPostProcessorChecker [main] Bean 'methodSecurityMetadataSource' of type [org.springframework.security.access.method.DelegatingMethodSecurityMetadataSource] is not eligible for getting processed by all BeanPostProcessors (for example: not eligible for auto-proxying)
2018-12-12 21:40:57,324 INFO org.springframework.boot.web.embedded.tomcat.TomcatWebServer [main] Tomcat initialized with port(s): 8189 (http)
2018-12-12 21:40:57,339 INFO org.apache.juli.logging.DirectJDKLog [main] Initializing ProtocolHandler ["http-nio-8189"]
2018-12-12 21:40:57,346 INFO org.apache.juli.logging.DirectJDKLog [main] Starting service [Tomcat]
2018-12-12 21:40:57,346 INFO org.apache.juli.logging.DirectJDKLog [main] Starting Servlet Engine: Apache Tomcat/9.0.12
2018-12-12 21:40:57,356 INFO org.apache.juli.logging.DirectJDKLog [main] The APR based Apache Tomcat Native library which allows optimal performance in production environments was not found on the java.library.path: [C:\Program Files\Java\jdk1.8.0_131\bin;C:\Windows\Sun\Java\bin;C:\Windows\system32;C:\Windows;C:\Program Files\NVIDIA GPU Computing Toolkit\CUDA\v9.0\bin;C:\Program Files\NVIDIA GPU Computing Toolkit\CUDA\v9.0\libnvvp;C:\Program Files\NVIDIA GPU Computing Toolkit\CUDA\v9.1\bin;C:\Program Files\NVIDIA GPU Computing Toolkit\CUDA\v9.1\libnvvp;C:\Program Files\Python36\Scripts\;C:\Program Files\Python36\;C:\ProgramData\Oracle\Java\javapath;C:\Program Files\Java\jdk1.8.0_111\bin;C:\Windows\system32;C:\Windows;C:\Windows\System32\Wbem;C:\Windows\System32\WindowsPowerShell\v1.0\;C:\Program Files (x86)\NVIDIA Corporation\PhysX\Common;D:\MyProgramms\QuickTime\QTSystem\;C:\Program Files\MySQL\MySQL Utilities 1.6\;C:\Program Files\Git\cmd;C:\Program Files (x86)\Windows Kits\8.1\Windows Performance Toolkit\;C:\apache-maven-3.5.0\bin\;C:\Program Files\NVIDIA GPU Computing Toolkit\CUDA\v9.1\bin;C:\Program Files\NVIDIA GPU Computing Toolkit\CUDA\v9.0\bin;C:\models-master\research;C:\models-master\research\slim;C:\models-master\research\;C:\models-master\research\object_detection\core;C:\models-master\research\object_detection;C:\models-master\research\slim;;.]
2018-12-12 21:40:57,459 INFO org.apache.juli.logging.DirectJDKLog [main] Initializing Spring embedded WebApplicationContext
2018-12-12 21:40:57,460 INFO org.springframework.boot.web.servlet.context.ServletWebServerApplicationContext [main] Root WebApplicationContext: initialization completed in 2364 ms
2018-12-12 21:40:57,888 INFO org.springframework.boot.web.servlet.AbstractFilterRegistrationBean [main] Mapping filter: 'characterEncodingFilter' to: [/*]
2018-12-12 21:40:57,889 INFO org.springframework.boot.web.servlet.AbstractFilterRegistrationBean [main] Mapping filter: 'webMvcMetricsFilter' to: [/*]
2018-12-12 21:40:57,889 INFO org.springframework.boot.web.servlet.AbstractFilterRegistrationBean [main] Mapping filter: 'hiddenHttpMethodFilter' to: [/*]
2018-12-12 21:40:57,889 INFO org.springframework.boot.web.servlet.AbstractFilterRegistrationBean [main] Mapping filter: 'formContentFilter' to: [/*]
2018-12-12 21:40:57,889 INFO org.springframework.boot.web.servlet.AbstractFilterRegistrationBean [main] Mapping filter: 'requestContextFilter' to: [/*]
2018-12-12 21:40:57,890 INFO org.springframework.boot.web.servlet.AbstractFilterRegistrationBean [main] Mapping filter: 'springSecurityFilterChain' to: [/*]
2018-12-12 21:40:57,890 INFO org.springframework.boot.web.servlet.AbstractFilterRegistrationBean [main] Mapping filter: 'httpTraceFilter' to: [/*]
2018-12-12 21:40:57,890 INFO org.springframework.boot.web.servlet.ServletRegistrationBean [main] Servlet dispatcherServlet mapped to [/]
2018-12-12 21:40:57,959 INFO org.flywaydb.core.internal.logging.slf4j.Slf4jLog [main] Flyway Community Edition 5.2.1 by Boxfuse
2018-12-12 21:40:57,966 INFO com.zaxxer.hikari.HikariDataSource [main] HikariPool-1 - Starting...
2018-12-12 21:40:58,158 INFO com.zaxxer.hikari.HikariDataSource [main] HikariPool-1 - Start completed.
2018-12-12 21:40:58,161 INFO org.flywaydb.core.internal.logging.slf4j.Slf4jLog [main] Database: jdbc:mysql://localhost:3306/geek_market (MySQL 5.7)
2018-12-12 21:40:58,232 INFO org.flywaydb.core.internal.logging.slf4j.Slf4jLog [main] Successfully validated 1 migration (execution time 00:00.030s)
2018-12-12 21:40:58,239 INFO org.flywaydb.core.internal.logging.slf4j.Slf4jLog [main] Current version of schema `geek_market`: 1
2018-12-12 21:40:58,240 INFO org.flywaydb.core.internal.logging.slf4j.Slf4jLog [main] Schema `geek_market` is up to date. No migration necessary.
2018-12-12 21:40:58,380 INFO org.hibernate.jpa.internal.util.LogHelper [main] HHH000204: Processing PersistenceUnitInfo [
	name: default
	...]
2018-12-12 21:40:58,444 INFO org.hibernate.Version [main] HHH000412: Hibernate Core {5.3.7.Final}
2018-12-12 21:40:58,446 INFO org.hibernate.cfg.Environment [main] HHH000206: hibernate.properties not found
2018-12-12 21:40:58,578 INFO org.hibernate.annotations.common.reflection.java.JavaReflectionManager [main] HCANN000001: Hibernate Commons Annotations {5.0.4.Final}
2018-12-12 21:40:58,733 INFO org.hibernate.dialect.Dialect [main] HHH000400: Using dialect: org.hibernate.dialect.MySQL5Dialect
2018-12-12 21:40:59,631 INFO org.springframework.orm.jpa.AbstractEntityManagerFactoryBean [main] Initialized JPA EntityManagerFactory for persistence unit 'default'
2018-12-12 21:41:00,293 INFO org.springframework.scheduling.concurrent.ExecutorConfigurationSupport [main] Initializing ExecutorService 'applicationTaskExecutor'
2018-12-12 21:41:00,338 WARN org.springframework.boot.autoconfigure.orm.jpa.JpaBaseConfiguration$JpaWebConfiguration$JpaWebMvcConfiguration [main] spring.jpa.open-in-view is enabled by default. Therefore, database queries may be performed during view rendering. Explicitly configure spring.jpa.open-in-view to disable this warning
2018-12-12 21:41:00,470 INFO org.springframework.boot.autoconfigure.web.servlet.WelcomePageHandlerMapping [main] Adding welcome page template: index
2018-12-12 21:41:00,642 INFO org.springframework.security.web.DefaultSecurityFilterChain [main] Creating filter chain: any request, [org.springframework.security.web.context.request.async.WebAsyncManagerIntegrationFilter@416d90f0, org.springframework.security.web.context.SecurityContextPersistenceFilter@e5864c2, org.springframework.security.web.header.HeaderWriterFilter@18ca9277, org.springframework.security.web.csrf.CsrfFilter@437c1a87, org.springframework.security.web.authentication.logout.LogoutFilter@3636f2a7, org.springframework.security.web.authentication.UsernamePasswordAuthenticationFilter@369fb99a, org.springframework.security.web.savedrequest.RequestCacheAwareFilter@432eb882, org.springframework.security.web.servletapi.SecurityContextHolderAwareRequestFilter@59b853aa, org.springframework.security.web.authentication.AnonymousAuthenticationFilter@696298ea, org.springframework.security.web.session.SessionManagementFilter@2dc73024, org.springframework.security.web.access.ExceptionTranslationFilter@5909285b, org.springframework.security.web.access.intercept.FilterSecurityInterceptor@56f61d74]
2018-12-12 21:41:00,897 INFO org.springframework.boot.actuate.endpoint.web.EndpointLinksResolver [main] Exposing 16 endpoint(s) beneath base path '/actuator'
2018-12-12 21:41:00,995 INFO org.apache.juli.logging.DirectJDKLog [main] Starting ProtocolHandler ["http-nio-8189"]
2018-12-12 21:41:01,003 INFO org.apache.juli.logging.DirectJDKLog [main] Using a shared selector for servlet write/read
2018-12-12 21:41:01,015 INFO org.springframework.boot.web.embedded.tomcat.TomcatWebServer [main] Tomcat started on port(s): 8189 (http) with context path '/geekmarket'
2018-12-12 21:41:01,017 INFO org.springframework.boot.StartupInfoLogger [main] Started GeekMarketApplication in 6.46 seconds (JVM running for 6.991)
2018-12-12 21:41:06,803 INFO org.apache.juli.logging.DirectJDKLog [http-nio-8189-exec-1] Initializing Spring DispatcherServlet 'dispatcherServlet'
2018-12-12 21:41:06,803 INFO org.springframework.web.servlet.FrameworkServlet [http-nio-8189-exec-1] Initializing Servlet 'dispatcherServlet'
2018-12-12 21:41:06,811 INFO org.springframework.web.servlet.FrameworkServlet [http-nio-8189-exec-1] Completed initialization in 8 ms
