2019-01-09 22:49:41,655 INFO org.springframework.boot.StartupInfoLogger [main] Starting GeekMarketApplication on shuttle with PID 16990 (/home/sol/GIT/geekbrains/geek-market/target/classes started by sol in /home/sol/GIT/geekbrains/geek-market)
2019-01-09 22:49:41,665 DEBUG org.springframework.boot.StartupInfoLogger [main] Running with Spring Boot v2.1.0.RELEASE, Spring v5.1.2.RELEASE
2019-01-09 22:49:41,681 INFO org.springframework.boot.SpringApplication [main] No active profile set, falling back to default profiles: default
2019-01-09 22:49:45,079 INFO org.springframework.data.repository.config.RepositoryConfigurationDelegate [main] Bootstrapping Spring Data repositories in DEFAULT mode.
2019-01-09 22:49:45,330 INFO org.springframework.data.repository.config.RepositoryConfigurationDelegate [main] Finished Spring Data repository scanning in 230ms. Found 7 repository interfaces.
2019-01-09 22:49:46,649 INFO org.springframework.context.support.PostProcessorRegistrationDelegate$BeanPostProcessorChecker [main] Bean 'org.springframework.transaction.annotation.ProxyTransactionManagementConfiguration' of type [org.springframework.transaction.annotation.ProxyTransactionManagementConfiguration$$EnhancerBySpringCGLIB$$f3e468b6] is not eligible for getting processed by all BeanPostProcessors (for example: not eligible for auto-proxying)
2019-01-09 22:49:46,911 INFO org.springframework.context.support.PostProcessorRegistrationDelegate$BeanPostProcessorChecker [main] Bean 'org.springframework.security.config.annotation.configuration.ObjectPostProcessorConfiguration' of type [org.springframework.security.config.annotation.configuration.ObjectPostProcessorConfiguration$$EnhancerBySpringCGLIB$$8c9230f0] is not eligible for getting processed by all BeanPostProcessors (for example: not eligible for auto-proxying)
2019-01-09 22:49:46,930 INFO org.springframework.context.support.PostProcessorRegistrationDelegate$BeanPostProcessorChecker [main] Bean 'objectPostProcessor' of type [org.springframework.security.config.annotation.configuration.AutowireBeanFactoryObjectPostProcessor] is not eligible for getting processed by all BeanPostProcessors (for example: not eligible for auto-proxying)
2019-01-09 22:49:46,941 INFO org.springframework.context.support.PostProcessorRegistrationDelegate$BeanPostProcessorChecker [main] Bean 'org.springframework.security.access.expression.method.DefaultMethodSecurityExpressionHandler@4c4f4365' of type [org.springframework.security.access.expression.method.DefaultMethodSecurityExpressionHandler] is not eligible for getting processed by all BeanPostProcessors (for example: not eligible for auto-proxying)
2019-01-09 22:49:46,951 INFO org.springframework.context.support.PostProcessorRegistrationDelegate$BeanPostProcessorChecker [main] Bean 'org.springframework.security.config.annotation.method.configuration.GlobalMethodSecurityConfiguration' of type [org.springframework.security.config.annotation.method.configuration.GlobalMethodSecurityConfiguration$$EnhancerBySpringCGLIB$$b166d3a2] is not eligible for getting processed by all BeanPostProcessors (for example: not eligible for auto-proxying)
2019-01-09 22:49:46,966 INFO org.springframework.context.support.PostProcessorRegistrationDelegate$BeanPostProcessorChecker [main] Bean 'methodSecurityMetadataSource' of type [org.springframework.security.access.method.DelegatingMethodSecurityMetadataSource] is not eligible for getting processed by all BeanPostProcessors (for example: not eligible for auto-proxying)
2019-01-09 22:49:48,263 INFO org.springframework.boot.web.embedded.tomcat.TomcatWebServer [main] Tomcat initialized with port(s): 8189 (http)
2019-01-09 22:49:48,296 INFO org.apache.juli.logging.DirectJDKLog [main] Initializing ProtocolHandler ["http-nio-8189"]
2019-01-09 22:49:48,316 INFO org.apache.juli.logging.DirectJDKLog [main] Starting service [Tomcat]
2019-01-09 22:49:48,317 INFO org.apache.juli.logging.DirectJDKLog [main] Starting Servlet Engine: Apache Tomcat/9.0.12
2019-01-09 22:49:48,339 INFO org.apache.juli.logging.DirectJDKLog [main] The APR based Apache Tomcat Native library which allows optimal performance in production environments was not found on the java.library.path: [/usr/java/packages/lib/amd64:/usr/lib64:/lib64:/lib:/usr/lib]
2019-01-09 22:49:48,732 INFO org.apache.juli.logging.DirectJDKLog [main] Initializing Spring embedded WebApplicationContext
2019-01-09 22:49:48,733 INFO org.springframework.boot.web.servlet.context.ServletWebServerApplicationContext [main] Root WebApplicationContext: initialization completed in 6771 ms
2019-01-09 22:49:48,921 INFO org.springframework.boot.web.servlet.AbstractFilterRegistrationBean [main] Mapping filter: 'characterEncodingFilter' to: [/*]
2019-01-09 22:49:48,922 INFO org.springframework.boot.web.servlet.AbstractFilterRegistrationBean [main] Mapping filter: 'hiddenHttpMethodFilter' to: [/*]
2019-01-09 22:49:48,923 INFO org.springframework.boot.web.servlet.AbstractFilterRegistrationBean [main] Mapping filter: 'formContentFilter' to: [/*]
2019-01-09 22:49:48,923 INFO org.springframework.boot.web.servlet.AbstractFilterRegistrationBean [main] Mapping filter: 'requestContextFilter' to: [/*]
2019-01-09 22:49:48,925 INFO org.springframework.boot.web.servlet.AbstractFilterRegistrationBean [main] Mapping filter: 'springSecurityFilterChain' to: [/*]
2019-01-09 22:49:48,925 INFO org.springframework.boot.web.servlet.ServletRegistrationBean [main] Servlet dispatcherServlet mapped to [/]
2019-01-09 22:49:49,484 INFO org.flywaydb.core.internal.logging.slf4j.Slf4jLog [main] Flyway Community Edition 5.2.1 by Boxfuse
2019-01-09 22:49:49,512 INFO com.zaxxer.hikari.HikariDataSource [main] HikariPool-1 - Starting...
2019-01-09 22:49:49,524 WARN com.zaxxer.hikari.util.DriverDataSource [main] Registered driver with driverClassName=com.mysql.jdbc.Driver was not found, trying direct instantiation.
2019-01-09 22:49:49,906 INFO com.zaxxer.hikari.HikariDataSource [main] HikariPool-1 - Start completed.
2019-01-09 22:49:49,912 INFO org.flywaydb.core.internal.logging.slf4j.Slf4jLog [main] Database: jdbc:mysql://localhost:3306/geek_market (MySQL 5.7)
2019-01-09 22:49:50,129 INFO org.flywaydb.core.internal.logging.slf4j.Slf4jLog [main] Successfully validated 1 migration (execution time 00:00.110s)
2019-01-09 22:49:50,199 INFO org.flywaydb.core.internal.logging.slf4j.Slf4jLog [main] Creating Schema History table: `geek_market`.`flyway_schema_history`
2019-01-09 22:49:50,292 INFO org.flywaydb.core.internal.logging.slf4j.Slf4jLog [main] Current version of schema `geek_market`: << Empty Schema >>
2019-01-09 22:49:50,305 INFO org.flywaydb.core.internal.logging.slf4j.Slf4jLog [main] Migrating schema `geek_market` to version 1 - initialize
2019-01-09 22:49:50,332 WARN org.flywaydb.core.internal.logging.slf4j.Slf4jLog [main] DB: Unknown table 'geek_market.users' (SQL State: 42S02 - Error Code: 1051)
2019-01-09 22:49:50,367 WARN org.flywaydb.core.internal.logging.slf4j.Slf4jLog [main] DB: Unknown table 'geek_market.roles' (SQL State: 42S02 - Error Code: 1051)
2019-01-09 22:49:50,395 WARN org.flywaydb.core.internal.logging.slf4j.Slf4jLog [main] DB: Unknown table 'geek_market.users_roles' (SQL State: 42S02 - Error Code: 1051)
2019-01-09 22:49:50,432 WARN org.flywaydb.core.internal.logging.slf4j.Slf4jLog [main] DB: Unknown table 'geek_market.categories' (SQL State: 42S02 - Error Code: 1051)
2019-01-09 22:49:50,457 WARN org.flywaydb.core.internal.logging.slf4j.Slf4jLog [main] DB: Unknown table 'geek_market.products' (SQL State: 42S02 - Error Code: 1051)
2019-01-09 22:49:50,487 WARN org.flywaydb.core.internal.logging.slf4j.Slf4jLog [main] DB: Unknown table 'geek_market.orders_statuses' (SQL State: 42S02 - Error Code: 1051)
2019-01-09 22:49:50,512 WARN org.flywaydb.core.internal.logging.slf4j.Slf4jLog [main] DB: Unknown table 'geek_market.orders' (SQL State: 42S02 - Error Code: 1051)
2019-01-09 22:49:50,544 WARN org.flywaydb.core.internal.logging.slf4j.Slf4jLog [main] DB: Unknown table 'geek_market.orders_item' (SQL State: 42S02 - Error Code: 1051)
2019-01-09 22:49:50,649 INFO org.flywaydb.core.internal.logging.slf4j.Slf4jLog [main] Successfully applied 1 migration to schema `geek_market` (execution time 00:00.452s)
2019-01-09 22:49:51,206 INFO org.hibernate.jpa.internal.util.LogHelper [main] HHH000204: Processing PersistenceUnitInfo [
	name: default
	...]
2019-01-09 22:49:51,659 INFO org.hibernate.Version [main] HHH000412: Hibernate Core {5.3.7.Final}
2019-01-09 22:49:51,670 INFO org.hibernate.cfg.Environment [main] HHH000206: hibernate.properties not found
2019-01-09 22:49:52,162 INFO org.hibernate.annotations.common.reflection.java.JavaReflectionManager [main] HCANN000001: Hibernate Commons Annotations {5.0.4.Final}
2019-01-09 22:49:52,562 INFO org.hibernate.dialect.Dialect [main] HHH000400: Using dialect: org.hibernate.dialect.MySQL5Dialect
2019-01-09 22:49:54,066 INFO org.springframework.orm.jpa.AbstractEntityManagerFactoryBean [main] Initialized JPA EntityManagerFactory for persistence unit 'default'
2019-01-09 22:49:56,996 INFO org.springframework.security.web.DefaultSecurityFilterChain [main] Creating filter chain: any request, [org.springframework.security.web.context.request.async.WebAsyncManagerIntegrationFilter@3c97f5e9, org.springframework.security.web.context.SecurityContextPersistenceFilter@3b66ac74, org.springframework.security.web.header.HeaderWriterFilter@18ac4af6, org.springframework.security.web.authentication.logout.LogoutFilter@7b2d58e6, org.springframework.security.web.authentication.UsernamePasswordAuthenticationFilter@69bca406, org.springframework.security.web.savedrequest.RequestCacheAwareFilter@5b88af70, org.springframework.security.web.servletapi.SecurityContextHolderAwareRequestFilter@bb6869a, org.springframework.security.web.authentication.AnonymousAuthenticationFilter@32e7b78d, org.springframework.security.web.session.SessionManagementFilter@2b1d1a5, org.springframework.security.web.access.ExceptionTranslationFilter@1fa18f87, org.springframework.security.web.access.intercept.FilterSecurityInterceptor@43294e9b]
2019-01-09 22:49:57,532 INFO org.springframework.scheduling.concurrent.ExecutorConfigurationSupport [main] Initializing ExecutorService 'applicationTaskExecutor'
2019-01-09 22:49:57,663 WARN org.springframework.boot.autoconfigure.orm.jpa.JpaBaseConfiguration$JpaWebConfiguration$JpaWebMvcConfiguration [main] spring.jpa.open-in-view is enabled by default. Therefore, database queries may be performed during view rendering. Explicitly configure spring.jpa.open-in-view to disable this warning
2019-01-09 22:49:57,956 INFO org.springframework.boot.autoconfigure.web.servlet.WelcomePageHandlerMapping [main] Adding welcome page template: index
2019-01-09 22:49:58,557 INFO org.apache.juli.logging.DirectJDKLog [main] Starting ProtocolHandler ["http-nio-8189"]
2019-01-09 22:49:58,571 INFO org.apache.juli.logging.DirectJDKLog [main] Using a shared selector for servlet write/read
2019-01-09 22:49:58,606 INFO org.springframework.boot.web.embedded.tomcat.TomcatWebServer [main] Tomcat started on port(s): 8189 (http) with context path '/geekmarket'
2019-01-09 22:49:58,611 INFO org.springframework.boot.StartupInfoLogger [main] Started GeekMarketApplication in 18.38 seconds (JVM running for 20.993)
2019-01-09 22:50:16,436 INFO org.apache.juli.logging.DirectJDKLog [http-nio-8189-exec-1] Initializing Spring DispatcherServlet 'dispatcherServlet'
2019-01-09 22:50:16,436 INFO org.springframework.web.servlet.FrameworkServlet [http-nio-8189-exec-1] Initializing Servlet 'dispatcherServlet'
2019-01-09 22:50:16,465 INFO org.springframework.web.servlet.FrameworkServlet [http-nio-8189-exec-1] Completed initialization in 28 ms
2019-01-09 22:50:21,277 INFO org.hibernate.hql.internal.QueryTranslatorFactoryInitiator [http-nio-8189-exec-1] HHH000397: Using ASTQueryTranslatorFactory
2019-01-09 22:53:35,517 DEBUG com.geekbrains.geekmarket.controllers.RegistrationController [http-nio-8189-exec-10] Processing registration form for: null
2019-01-09 22:54:52,785 DEBUG com.geekbrains.geekmarket.controllers.RegistrationController [http-nio-8189-exec-7] Processing registration form for: null
2019-01-09 22:55:00,166 DEBUG com.geekbrains.geekmarket.controllers.RegistrationController [http-nio-8189-exec-6] Processing registration form for: null
2019-01-09 22:56:10,860 INFO org.springframework.scheduling.concurrent.ExecutorConfigurationSupport [Thread-3] Shutting down ExecutorService 'applicationTaskExecutor'
2019-01-09 22:56:10,869 INFO org.springframework.orm.jpa.AbstractEntityManagerFactoryBean [Thread-3] Closing JPA EntityManagerFactory for persistence unit 'default'
2019-01-09 22:56:10,874 INFO com.zaxxer.hikari.HikariDataSource [Thread-3] HikariPool-1 - Shutdown initiated...
2019-01-09 22:56:10,890 INFO com.zaxxer.hikari.HikariDataSource [Thread-3] HikariPool-1 - Shutdown completed.
2019-01-09 23:23:42,538 INFO org.springframework.boot.StartupInfoLogger [main] Starting GeekMarketApplication on shuttle with PID 20176 (/home/sol/GIT/geekbrains/geek-market/target/classes started by sol in /home/sol/GIT/geekbrains/geek-market)
2019-01-09 23:23:42,560 DEBUG org.springframework.boot.StartupInfoLogger [main] Running with Spring Boot v2.1.0.RELEASE, Spring v5.1.2.RELEASE
2019-01-09 23:23:42,568 INFO org.springframework.boot.SpringApplication [main] No active profile set, falling back to default profiles: default
2019-01-09 23:23:46,635 INFO org.springframework.data.repository.config.RepositoryConfigurationDelegate [main] Bootstrapping Spring Data repositories in DEFAULT mode.
2019-01-09 23:23:46,882 INFO org.springframework.data.repository.config.RepositoryConfigurationDelegate [main] Finished Spring Data repository scanning in 223ms. Found 7 repository interfaces.
2019-01-09 23:23:48,118 INFO org.springframework.context.support.PostProcessorRegistrationDelegate$BeanPostProcessorChecker [main] Bean 'org.springframework.transaction.annotation.ProxyTransactionManagementConfiguration' of type [org.springframework.transaction.annotation.ProxyTransactionManagementConfiguration$$EnhancerBySpringCGLIB$$307e4ac6] is not eligible for getting processed by all BeanPostProcessors (for example: not eligible for auto-proxying)
2019-01-09 23:23:48,351 INFO org.springframework.context.support.PostProcessorRegistrationDelegate$BeanPostProcessorChecker [main] Bean 'org.springframework.security.config.annotation.configuration.ObjectPostProcessorConfiguration' of type [org.springframework.security.config.annotation.configuration.ObjectPostProcessorConfiguration$$EnhancerBySpringCGLIB$$c92c1300] is not eligible for getting processed by all BeanPostProcessors (for example: not eligible for auto-proxying)
2019-01-09 23:23:48,366 INFO org.springframework.context.support.PostProcessorRegistrationDelegate$BeanPostProcessorChecker [main] Bean 'objectPostProcessor' of type [org.springframework.security.config.annotation.configuration.AutowireBeanFactoryObjectPostProcessor] is not eligible for getting processed by all BeanPostProcessors (for example: not eligible for auto-proxying)
2019-01-09 23:23:48,373 INFO org.springframework.context.support.PostProcessorRegistrationDelegate$BeanPostProcessorChecker [main] Bean 'org.springframework.security.access.expression.method.DefaultMethodSecurityExpressionHandler@6df3e44c' of type [org.springframework.security.access.expression.method.DefaultMethodSecurityExpressionHandler] is not eligible for getting processed by all BeanPostProcessors (for example: not eligible for auto-proxying)
2019-01-09 23:23:48,380 INFO org.springframework.context.support.PostProcessorRegistrationDelegate$BeanPostProcessorChecker [main] Bean 'org.springframework.security.config.annotation.method.configuration.GlobalMethodSecurityConfiguration' of type [org.springframework.security.config.annotation.method.configuration.GlobalMethodSecurityConfiguration$$EnhancerBySpringCGLIB$$ee00b5b2] is not eligible for getting processed by all BeanPostProcessors (for example: not eligible for auto-proxying)
2019-01-09 23:23:48,395 INFO org.springframework.context.support.PostProcessorRegistrationDelegate$BeanPostProcessorChecker [main] Bean 'methodSecurityMetadataSource' of type [org.springframework.security.access.method.DelegatingMethodSecurityMetadataSource] is not eligible for getting processed by all BeanPostProcessors (for example: not eligible for auto-proxying)
2019-01-09 23:23:49,421 INFO org.springframework.boot.web.embedded.tomcat.TomcatWebServer [main] Tomcat initialized with port(s): 8189 (http)
2019-01-09 23:23:49,457 INFO org.apache.juli.logging.DirectJDKLog [main] Initializing ProtocolHandler ["http-nio-8189"]
2019-01-09 23:23:49,477 INFO org.apache.juli.logging.DirectJDKLog [main] Starting service [Tomcat]
2019-01-09 23:23:49,478 INFO org.apache.juli.logging.DirectJDKLog [main] Starting Servlet Engine: Apache Tomcat/9.0.12
2019-01-09 23:23:49,501 INFO org.apache.juli.logging.DirectJDKLog [main] The APR based Apache Tomcat Native library which allows optimal performance in production environments was not found on the java.library.path: [/usr/java/packages/lib/amd64:/usr/lib64:/lib64:/lib:/usr/lib]
2019-01-09 23:23:49,762 INFO org.apache.juli.logging.DirectJDKLog [main] Initializing Spring embedded WebApplicationContext
2019-01-09 23:23:49,763 INFO org.springframework.boot.web.servlet.context.ServletWebServerApplicationContext [main] Root WebApplicationContext: initialization completed in 6932 ms
2019-01-09 23:23:49,869 INFO org.springframework.boot.web.servlet.AbstractFilterRegistrationBean [main] Mapping filter: 'characterEncodingFilter' to: [/*]
2019-01-09 23:23:49,870 INFO org.springframework.boot.web.servlet.AbstractFilterRegistrationBean [main] Mapping filter: 'hiddenHttpMethodFilter' to: [/*]
2019-01-09 23:23:49,871 INFO org.springframework.boot.web.servlet.AbstractFilterRegistrationBean [main] Mapping filter: 'formContentFilter' to: [/*]
2019-01-09 23:23:49,871 INFO org.springframework.boot.web.servlet.AbstractFilterRegistrationBean [main] Mapping filter: 'requestContextFilter' to: [/*]
2019-01-09 23:23:49,872 INFO org.springframework.boot.web.servlet.AbstractFilterRegistrationBean [main] Mapping filter: 'springSecurityFilterChain' to: [/*]
2019-01-09 23:23:49,873 INFO org.springframework.boot.web.servlet.ServletRegistrationBean [main] Servlet dispatcherServlet mapped to [/]
2019-01-09 23:23:50,194 INFO org.flywaydb.core.internal.logging.slf4j.Slf4jLog [main] Flyway Community Edition 5.2.1 by Boxfuse
2019-01-09 23:23:50,211 INFO com.zaxxer.hikari.HikariDataSource [main] HikariPool-1 - Starting...
2019-01-09 23:23:50,220 WARN com.zaxxer.hikari.util.DriverDataSource [main] Registered driver with driverClassName=com.mysql.jdbc.Driver was not found, trying direct instantiation.
2019-01-09 23:23:50,626 INFO com.zaxxer.hikari.HikariDataSource [main] HikariPool-1 - Start completed.
2019-01-09 23:23:50,631 INFO org.flywaydb.core.internal.logging.slf4j.Slf4jLog [main] Database: jdbc:mysql://localhost:3306/geek_market (MySQL 5.7)
2019-01-09 23:23:50,918 INFO org.flywaydb.core.internal.logging.slf4j.Slf4jLog [main] Successfully validated 1 migration (execution time 00:00.127s)
2019-01-09 23:23:50,937 INFO org.flywaydb.core.internal.logging.slf4j.Slf4jLog [main] Current version of schema `geek_market`: 1
2019-01-09 23:23:50,939 INFO org.flywaydb.core.internal.logging.slf4j.Slf4jLog [main] Schema `geek_market` is up to date. No migration necessary.
2019-01-09 23:23:51,248 INFO org.hibernate.jpa.internal.util.LogHelper [main] HHH000204: Processing PersistenceUnitInfo [
	name: default
	...]
2019-01-09 23:23:51,448 INFO org.hibernate.Version [main] HHH000412: Hibernate Core {5.3.7.Final}
2019-01-09 23:23:51,453 INFO org.hibernate.cfg.Environment [main] HHH000206: hibernate.properties not found
2019-01-09 23:23:51,980 INFO org.hibernate.annotations.common.reflection.java.JavaReflectionManager [main] HCANN000001: Hibernate Commons Annotations {5.0.4.Final}
2019-01-09 23:23:52,308 INFO org.hibernate.dialect.Dialect [main] HHH000400: Using dialect: org.hibernate.dialect.MySQL5Dialect
2019-01-09 23:23:54,108 INFO org.springframework.orm.jpa.AbstractEntityManagerFactoryBean [main] Initialized JPA EntityManagerFactory for persistence unit 'default'
2019-01-09 23:23:56,519 INFO org.springframework.security.web.DefaultSecurityFilterChain [main] Creating filter chain: any request, [org.springframework.security.web.context.request.async.WebAsyncManagerIntegrationFilter@3e28af44, org.springframework.security.web.context.SecurityContextPersistenceFilter@74a5bef0, org.springframework.security.web.header.HeaderWriterFilter@7fb82f73, org.springframework.security.web.authentication.logout.LogoutFilter@1592e540, org.springframework.security.web.authentication.UsernamePasswordAuthenticationFilter@686e7513, org.springframework.security.web.savedrequest.RequestCacheAwareFilter@570ed9c, org.springframework.security.web.servletapi.SecurityContextHolderAwareRequestFilter@727956bb, org.springframework.security.web.authentication.AnonymousAuthenticationFilter@33891646, org.springframework.security.web.session.SessionManagementFilter@5896b9f5, org.springframework.security.web.access.ExceptionTranslationFilter@7ac1b6c0, org.springframework.security.web.access.intercept.FilterSecurityInterceptor@2fea9a7b]
2019-01-09 23:23:57,033 INFO org.springframework.scheduling.concurrent.ExecutorConfigurationSupport [main] Initializing ExecutorService 'applicationTaskExecutor'
2019-01-09 23:23:57,156 WARN org.springframework.boot.autoconfigure.orm.jpa.JpaBaseConfiguration$JpaWebConfiguration$JpaWebMvcConfiguration [main] spring.jpa.open-in-view is enabled by default. Therefore, database queries may be performed during view rendering. Explicitly configure spring.jpa.open-in-view to disable this warning
2019-01-09 23:23:57,432 INFO org.springframework.boot.autoconfigure.web.servlet.WelcomePageHandlerMapping [main] Adding welcome page template: index
2019-01-09 23:23:58,070 INFO org.apache.juli.logging.DirectJDKLog [main] Starting ProtocolHandler ["http-nio-8189"]
2019-01-09 23:23:58,082 INFO org.apache.juli.logging.DirectJDKLog [main] Using a shared selector for servlet write/read
2019-01-09 23:23:58,128 INFO org.springframework.boot.web.embedded.tomcat.TomcatWebServer [main] Tomcat started on port(s): 8189 (http) with context path '/geekmarket'
2019-01-09 23:23:58,135 INFO org.springframework.boot.StartupInfoLogger [main] Started GeekMarketApplication in 17.15 seconds (JVM running for 18.763)
2019-01-09 23:24:08,746 INFO org.apache.juli.logging.DirectJDKLog [http-nio-8189-exec-1] Initializing Spring DispatcherServlet 'dispatcherServlet'
2019-01-09 23:24:08,746 INFO org.springframework.web.servlet.FrameworkServlet [http-nio-8189-exec-1] Initializing Servlet 'dispatcherServlet'
2019-01-09 23:24:08,773 INFO org.springframework.web.servlet.FrameworkServlet [http-nio-8189-exec-1] Completed initialization in 27 ms
2019-01-09 23:29:59,541 DEBUG com.geekbrains.geekmarket.controllers.RegistrationController [http-nio-8189-exec-8] Processing registration form for: null
2019-01-09 23:35:44,722 DEBUG com.geekbrains.geekmarket.controllers.RegistrationController [http-nio-8189-exec-10] Processing registration form for: null
2019-01-09 23:59:19,789 DEBUG com.geekbrains.geekmarket.controllers.RegistrationController [http-nio-8189-exec-5] Processing registration form for: null
2019-01-09 23:59:19,991 INFO org.hibernate.hql.internal.QueryTranslatorFactoryInitiator [http-nio-8189-exec-5] HHH000397: Using ASTQueryTranslatorFactory
2019-01-09 23:59:20,648 DEBUG com.geekbrains.geekmarket.controllers.RegistrationController [http-nio-8189-exec-5] Successfully created user: null
2019-01-09 23:59:30,115 DEBUG com.geekbrains.geekmarket.controllers.RegistrationController [http-nio-8189-exec-3] Processing registration form for: abc
2019-01-09 23:59:38,354 DEBUG com.geekbrains.geekmarket.controllers.RegistrationController [http-nio-8189-exec-10] Processing registration form for: abc
2019-01-09 23:59:47,383 DEBUG com.geekbrains.geekmarket.controllers.RegistrationController [http-nio-8189-exec-4] Processing registration form for: abc
2019-01-09 23:59:47,738 DEBUG com.geekbrains.geekmarket.controllers.RegistrationController [http-nio-8189-exec-4] Successfully created user: abc
2019-01-09 23:59:56,282 DEBUG com.geekbrains.geekmarket.controllers.RegistrationController [http-nio-8189-exec-7] Processing registration form for: abc
2019-01-09 23:59:56,328 DEBUG com.geekbrains.geekmarket.controllers.RegistrationController [http-nio-8189-exec-7] User name already exists
