2018-12-07 12:30:14,608 INFO org.springframework.boot.StartupInfoLogger [main] Starting GeekMarketApplication on shuttle with PID 20368 (/home/sol/GIT/geekbrains/geek-market/target/classes started by sol in /home/sol/GIT/geekbrains/geek-market)
2018-12-07 12:30:14,621 DEBUG org.springframework.boot.StartupInfoLogger [main] Running with Spring Boot v2.1.0.RELEASE, Spring v5.1.2.RELEASE
2018-12-07 12:30:14,632 INFO org.springframework.boot.SpringApplication [main] No active profile set, falling back to default profiles: default
2018-12-07 12:30:20,410 INFO org.springframework.data.repository.config.RepositoryConfigurationDelegate [main] Bootstrapping Spring Data repositories in DEFAULT mode.
2018-12-07 12:30:20,879 INFO org.springframework.data.repository.config.RepositoryConfigurationDelegate [main] Finished Spring Data repository scanning in 436ms. Found 4 repository interfaces.
2018-12-07 12:30:23,288 INFO org.springframework.context.support.PostProcessorRegistrationDelegate$BeanPostProcessorChecker [main] Bean 'org.springframework.transaction.annotation.ProxyTransactionManagementConfiguration' of type [org.springframework.transaction.annotation.ProxyTransactionManagementConfiguration$$EnhancerBySpringCGLIB$$9d2667ef] is not eligible for getting processed by all BeanPostProcessors (for example: not eligible for auto-proxying)
2018-12-07 12:30:23,951 INFO org.springframework.context.support.PostProcessorRegistrationDelegate$BeanPostProcessorChecker [main] Bean 'org.springframework.security.config.annotation.configuration.ObjectPostProcessorConfiguration' of type [org.springframework.security.config.annotation.configuration.ObjectPostProcessorConfiguration$$EnhancerBySpringCGLIB$$35d43029] is not eligible for getting processed by all BeanPostProcessors (for example: not eligible for auto-proxying)
2018-12-07 12:30:23,978 INFO org.springframework.context.support.PostProcessorRegistrationDelegate$BeanPostProcessorChecker [main] Bean 'objectPostProcessor' of type [org.springframework.security.config.annotation.configuration.AutowireBeanFactoryObjectPostProcessor] is not eligible for getting processed by all BeanPostProcessors (for example: not eligible for auto-proxying)
2018-12-07 12:30:23,986 INFO org.springframework.context.support.PostProcessorRegistrationDelegate$BeanPostProcessorChecker [main] Bean 'org.springframework.security.access.expression.method.DefaultMethodSecurityExpressionHandler@2de50ee4' of type [org.springframework.security.access.expression.method.DefaultMethodSecurityExpressionHandler] is not eligible for getting processed by all BeanPostProcessors (for example: not eligible for auto-proxying)
2018-12-07 12:30:24,001 INFO org.springframework.context.support.PostProcessorRegistrationDelegate$BeanPostProcessorChecker [main] Bean 'org.springframework.security.config.annotation.method.configuration.GlobalMethodSecurityConfiguration' of type [org.springframework.security.config.annotation.method.configuration.GlobalMethodSecurityConfiguration$$EnhancerBySpringCGLIB$$5aa8d2db] is not eligible for getting processed by all BeanPostProcessors (for example: not eligible for auto-proxying)
2018-12-07 12:30:24,023 INFO org.springframework.context.support.PostProcessorRegistrationDelegate$BeanPostProcessorChecker [main] Bean 'methodSecurityMetadataSource' of type [org.springframework.security.access.method.DelegatingMethodSecurityMetadataSource] is not eligible for getting processed by all BeanPostProcessors (for example: not eligible for auto-proxying)
2018-12-07 12:30:26,109 INFO org.springframework.boot.web.embedded.tomcat.TomcatWebServer [main] Tomcat initialized with port(s): 8189 (http)
2018-12-07 12:30:26,173 INFO org.apache.juli.logging.DirectJDKLog [main] Initializing ProtocolHandler ["http-nio-8189"]
2018-12-07 12:30:26,206 INFO org.apache.juli.logging.DirectJDKLog [main] Starting service [Tomcat]
2018-12-07 12:30:26,207 INFO org.apache.juli.logging.DirectJDKLog [main] Starting Servlet Engine: Apache Tomcat/9.0.12
2018-12-07 12:30:26,247 INFO org.apache.juli.logging.DirectJDKLog [main] The APR based Apache Tomcat Native library which allows optimal performance in production environments was not found on the java.library.path: [/usr/java/packages/lib/amd64:/usr/lib64:/lib64:/lib:/usr/lib]
2018-12-07 12:30:26,779 INFO org.apache.juli.logging.DirectJDKLog [main] Initializing Spring embedded WebApplicationContext
2018-12-07 12:30:26,780 INFO org.springframework.boot.web.servlet.context.ServletWebServerApplicationContext [main] Root WebApplicationContext: initialization completed in 11791 ms
2018-12-07 12:30:28,911 INFO org.springframework.boot.web.servlet.AbstractFilterRegistrationBean [main] Mapping filter: 'characterEncodingFilter' to: [/*]
2018-12-07 12:30:28,913 INFO org.springframework.boot.web.servlet.AbstractFilterRegistrationBean [main] Mapping filter: 'webMvcMetricsFilter' to: [/*]
2018-12-07 12:30:28,914 INFO org.springframework.boot.web.servlet.AbstractFilterRegistrationBean [main] Mapping filter: 'hiddenHttpMethodFilter' to: [/*]
2018-12-07 12:30:28,915 INFO org.springframework.boot.web.servlet.AbstractFilterRegistrationBean [main] Mapping filter: 'formContentFilter' to: [/*]
2018-12-07 12:30:28,916 INFO org.springframework.boot.web.servlet.AbstractFilterRegistrationBean [main] Mapping filter: 'requestContextFilter' to: [/*]
2018-12-07 12:30:28,918 INFO org.springframework.boot.web.servlet.AbstractFilterRegistrationBean [main] Mapping filter: 'springSecurityFilterChain' to: [/*]
2018-12-07 12:30:28,920 INFO org.springframework.boot.web.servlet.AbstractFilterRegistrationBean [main] Mapping filter: 'httpTraceFilter' to: [/*]
2018-12-07 12:30:28,921 INFO org.springframework.boot.web.servlet.ServletRegistrationBean [main] Servlet dispatcherServlet mapped to [/]
2018-12-07 12:30:29,418 INFO org.flywaydb.core.internal.logging.slf4j.Slf4jLog [main] Flyway Community Edition 5.2.1 by Boxfuse
2018-12-07 12:30:29,465 INFO com.zaxxer.hikari.HikariDataSource [main] HikariPool-1 - Starting...
2018-12-07 12:30:30,268 INFO com.zaxxer.hikari.HikariDataSource [main] HikariPool-1 - Start completed.
2018-12-07 12:30:30,277 INFO org.flywaydb.core.internal.logging.slf4j.Slf4jLog [main] Database: jdbc:mysql://localhost:3306/geek_market (MySQL 5.7)
2018-12-07 12:30:30,668 INFO org.flywaydb.core.internal.logging.slf4j.Slf4jLog [main] Successfully validated 1 migration (execution time 00:00.203s)
2018-12-07 12:30:30,697 INFO org.flywaydb.core.internal.logging.slf4j.Slf4jLog [main] Current version of schema `geek_market`: 1
2018-12-07 12:30:30,702 INFO org.flywaydb.core.internal.logging.slf4j.Slf4jLog [main] Schema `geek_market` is up to date. No migration necessary.
2018-12-07 12:30:31,193 INFO org.hibernate.jpa.internal.util.LogHelper [main] HHH000204: Processing PersistenceUnitInfo [
	name: default
	...]
2018-12-07 12:30:31,555 INFO org.hibernate.Version [main] HHH000412: Hibernate Core {5.3.7.Final}
2018-12-07 12:30:31,562 INFO org.hibernate.cfg.Environment [main] HHH000206: hibernate.properties not found
2018-12-07 12:30:32,217 INFO org.hibernate.annotations.common.reflection.java.JavaReflectionManager [main] HCANN000001: Hibernate Commons Annotations {5.0.4.Final}
2018-12-07 12:30:32,804 INFO org.hibernate.dialect.Dialect [main] HHH000400: Using dialect: org.hibernate.dialect.MySQL5Dialect
2018-12-07 12:30:36,337 INFO org.springframework.orm.jpa.AbstractEntityManagerFactoryBean [main] Initialized JPA EntityManagerFactory for persistence unit 'default'
2018-12-07 12:30:39,463 INFO org.springframework.scheduling.concurrent.ExecutorConfigurationSupport [main] Initializing ExecutorService 'applicationTaskExecutor'
2018-12-07 12:30:39,770 WARN org.springframework.boot.autoconfigure.orm.jpa.JpaBaseConfiguration$JpaWebConfiguration$JpaWebMvcConfiguration [main] spring.jpa.open-in-view is enabled by default. Therefore, database queries may be performed during view rendering. Explicitly configure spring.jpa.open-in-view to disable this warning
2018-12-07 12:30:40,625 INFO org.springframework.boot.autoconfigure.web.servlet.WelcomePageHandlerMapping [main] Adding welcome page template: index
2018-12-07 12:30:41,629 INFO org.springframework.security.web.DefaultSecurityFilterChain [main] Creating filter chain: any request, [org.springframework.security.web.context.request.async.WebAsyncManagerIntegrationFilter@57afe44b, org.springframework.security.web.context.SecurityContextPersistenceFilter@51f4439e, org.springframework.security.web.header.HeaderWriterFilter@3c8758d1, org.springframework.security.web.csrf.CsrfFilter@16e4db59, org.springframework.security.web.authentication.logout.LogoutFilter@4efe014f, org.springframework.security.web.authentication.UsernamePasswordAuthenticationFilter@34fc315d, org.springframework.security.web.savedrequest.RequestCacheAwareFilter@6be422da, org.springframework.security.web.servletapi.SecurityContextHolderAwareRequestFilter@59b3f754, org.springframework.security.web.authentication.AnonymousAuthenticationFilter@18887028, org.springframework.security.web.session.SessionManagementFilter@5da3f32a, org.springframework.security.web.access.ExceptionTranslationFilter@3c9ef37b, org.springframework.security.web.access.intercept.FilterSecurityInterceptor@543d2ef3]
2018-12-07 12:30:43,119 INFO org.springframework.boot.actuate.endpoint.web.EndpointLinksResolver [main] Exposing 16 endpoint(s) beneath base path '/actuator'
2018-12-07 12:30:43,644 INFO org.apache.juli.logging.DirectJDKLog [main] Starting ProtocolHandler ["http-nio-8189"]
2018-12-07 12:30:43,659 INFO org.apache.juli.logging.DirectJDKLog [main] Using a shared selector for servlet write/read
2018-12-07 12:30:43,790 INFO org.springframework.boot.web.embedded.tomcat.TomcatWebServer [main] Tomcat started on port(s): 8189 (http) with context path '/geekmarket'
2018-12-07 12:30:43,797 INFO org.springframework.boot.StartupInfoLogger [main] Started GeekMarketApplication in 32.011 seconds (JVM running for 36.396)
2018-12-07 12:31:10,587 INFO org.apache.juli.logging.DirectJDKLog [http-nio-8189-exec-3] Initializing Spring DispatcherServlet 'dispatcherServlet'
2018-12-07 12:31:10,595 INFO org.springframework.web.servlet.FrameworkServlet [http-nio-8189-exec-3] Initializing Servlet 'dispatcherServlet'
2018-12-07 12:31:10,667 INFO org.springframework.web.servlet.FrameworkServlet [http-nio-8189-exec-3] Completed initialization in 71 ms
2018-12-07 12:31:18,316 INFO org.hibernate.hql.internal.QueryTranslatorFactoryInitiator [http-nio-8189-exec-10] HHH000397: Using ASTQueryTranslatorFactory
2018-12-07 12:31:45,579 INFO org.springframework.scheduling.concurrent.ExecutorConfigurationSupport [Thread-5] Shutting down ExecutorService 'applicationTaskExecutor'
2018-12-07 12:31:45,592 INFO org.springframework.orm.jpa.AbstractEntityManagerFactoryBean [Thread-5] Closing JPA EntityManagerFactory for persistence unit 'default'
2018-12-07 12:31:45,600 INFO com.zaxxer.hikari.HikariDataSource [Thread-5] HikariPool-1 - Shutdown initiated...
2018-12-07 12:31:45,621 INFO com.zaxxer.hikari.HikariDataSource [Thread-5] HikariPool-1 - Shutdown completed.
2018-12-07 12:31:52,824 INFO org.springframework.boot.StartupInfoLogger [main] Starting GeekMarketApplication on shuttle with PID 20525 (/home/sol/GIT/geekbrains/geek-market/target/classes started by sol in /home/sol/GIT/geekbrains/geek-market)
2018-12-07 12:31:52,845 DEBUG org.springframework.boot.StartupInfoLogger [main] Running with Spring Boot v2.1.0.RELEASE, Spring v5.1.2.RELEASE
2018-12-07 12:31:52,883 INFO org.springframework.boot.SpringApplication [main] No active profile set, falling back to default profiles: default
2018-12-07 12:31:59,450 INFO org.springframework.data.repository.config.RepositoryConfigurationDelegate [main] Bootstrapping Spring Data repositories in DEFAULT mode.
2018-12-07 12:31:59,773 INFO org.springframework.data.repository.config.RepositoryConfigurationDelegate [main] Finished Spring Data repository scanning in 294ms. Found 4 repository interfaces.
2018-12-07 12:32:01,835 INFO org.springframework.context.support.PostProcessorRegistrationDelegate$BeanPostProcessorChecker [main] Bean 'org.springframework.transaction.annotation.ProxyTransactionManagementConfiguration' of type [org.springframework.transaction.annotation.ProxyTransactionManagementConfiguration$$EnhancerBySpringCGLIB$$2695c8f7] is not eligible for getting processed by all BeanPostProcessors (for example: not eligible for auto-proxying)
2018-12-07 12:32:02,184 INFO org.springframework.context.support.PostProcessorRegistrationDelegate$BeanPostProcessorChecker [main] Bean 'org.springframework.security.config.annotation.configuration.ObjectPostProcessorConfiguration' of type [org.springframework.security.config.annotation.configuration.ObjectPostProcessorConfiguration$$EnhancerBySpringCGLIB$$bf439131] is not eligible for getting processed by all BeanPostProcessors (for example: not eligible for auto-proxying)
2018-12-07 12:32:02,206 INFO org.springframework.context.support.PostProcessorRegistrationDelegate$BeanPostProcessorChecker [main] Bean 'objectPostProcessor' of type [org.springframework.security.config.annotation.configuration.AutowireBeanFactoryObjectPostProcessor] is not eligible for getting processed by all BeanPostProcessors (for example: not eligible for auto-proxying)
2018-12-07 12:32:02,215 INFO org.springframework.context.support.PostProcessorRegistrationDelegate$BeanPostProcessorChecker [main] Bean 'org.springframework.security.access.expression.method.DefaultMethodSecurityExpressionHandler@10895b16' of type [org.springframework.security.access.expression.method.DefaultMethodSecurityExpressionHandler] is not eligible for getting processed by all BeanPostProcessors (for example: not eligible for auto-proxying)
2018-12-07 12:32:02,229 INFO org.springframework.context.support.PostProcessorRegistrationDelegate$BeanPostProcessorChecker [main] Bean 'org.springframework.security.config.annotation.method.configuration.GlobalMethodSecurityConfiguration' of type [org.springframework.security.config.annotation.method.configuration.GlobalMethodSecurityConfiguration$$EnhancerBySpringCGLIB$$e41833e3] is not eligible for getting processed by all BeanPostProcessors (for example: not eligible for auto-proxying)
2018-12-07 12:32:02,245 INFO org.springframework.context.support.PostProcessorRegistrationDelegate$BeanPostProcessorChecker [main] Bean 'methodSecurityMetadataSource' of type [org.springframework.security.access.method.DelegatingMethodSecurityMetadataSource] is not eligible for getting processed by all BeanPostProcessors (for example: not eligible for auto-proxying)
2018-12-07 12:32:03,911 INFO org.springframework.boot.web.embedded.tomcat.TomcatWebServer [main] Tomcat initialized with port(s): 8189 (http)
2018-12-07 12:32:03,978 INFO org.apache.juli.logging.DirectJDKLog [main] Initializing ProtocolHandler ["http-nio-8189"]
2018-12-07 12:32:04,014 INFO org.apache.juli.logging.DirectJDKLog [main] Starting service [Tomcat]
2018-12-07 12:32:04,016 INFO org.apache.juli.logging.DirectJDKLog [main] Starting Servlet Engine: Apache Tomcat/9.0.12
2018-12-07 12:32:04,060 INFO org.apache.juli.logging.DirectJDKLog [main] The APR based Apache Tomcat Native library which allows optimal performance in production environments was not found on the java.library.path: [/usr/java/packages/lib/amd64:/usr/lib64:/lib64:/lib:/usr/lib]
2018-12-07 12:32:04,527 INFO org.apache.juli.logging.DirectJDKLog [main] Initializing Spring embedded WebApplicationContext
2018-12-07 12:32:04,529 INFO org.springframework.boot.web.servlet.context.ServletWebServerApplicationContext [main] Root WebApplicationContext: initialization completed in 11015 ms
2018-12-07 12:32:06,337 INFO org.springframework.boot.web.servlet.AbstractFilterRegistrationBean [main] Mapping filter: 'characterEncodingFilter' to: [/*]
2018-12-07 12:32:06,339 INFO org.springframework.boot.web.servlet.AbstractFilterRegistrationBean [main] Mapping filter: 'webMvcMetricsFilter' to: [/*]
2018-12-07 12:32:06,341 INFO org.springframework.boot.web.servlet.AbstractFilterRegistrationBean [main] Mapping filter: 'hiddenHttpMethodFilter' to: [/*]
2018-12-07 12:32:06,342 INFO org.springframework.boot.web.servlet.AbstractFilterRegistrationBean [main] Mapping filter: 'formContentFilter' to: [/*]
2018-12-07 12:32:06,343 INFO org.springframework.boot.web.servlet.AbstractFilterRegistrationBean [main] Mapping filter: 'requestContextFilter' to: [/*]
2018-12-07 12:32:06,346 INFO org.springframework.boot.web.servlet.AbstractFilterRegistrationBean [main] Mapping filter: 'springSecurityFilterChain' to: [/*]
2018-12-07 12:32:06,347 INFO org.springframework.boot.web.servlet.AbstractFilterRegistrationBean [main] Mapping filter: 'httpTraceFilter' to: [/*]
2018-12-07 12:32:06,348 INFO org.springframework.boot.web.servlet.ServletRegistrationBean [main] Servlet dispatcherServlet mapped to [/]
2018-12-07 12:32:06,771 INFO org.flywaydb.core.internal.logging.slf4j.Slf4jLog [main] Flyway Community Edition 5.2.1 by Boxfuse
2018-12-07 12:32:06,803 INFO com.zaxxer.hikari.HikariDataSource [main] HikariPool-1 - Starting...
2018-12-07 12:32:07,658 INFO com.zaxxer.hikari.HikariDataSource [main] HikariPool-1 - Start completed.
2018-12-07 12:32:07,667 INFO org.flywaydb.core.internal.logging.slf4j.Slf4jLog [main] Database: jdbc:mysql://localhost:3306/geek_market (MySQL 5.7)
2018-12-07 12:32:08,053 INFO org.flywaydb.core.internal.logging.slf4j.Slf4jLog [main] Successfully validated 1 migration (execution time 00:00.206s)
2018-12-07 12:32:08,110 INFO org.flywaydb.core.internal.logging.slf4j.Slf4jLog [main] Creating Schema History table: `geek_market`.`flyway_schema_history`
2018-12-07 12:32:08,200 INFO org.flywaydb.core.internal.logging.slf4j.Slf4jLog [main] Current version of schema `geek_market`: << Empty Schema >>
2018-12-07 12:32:08,204 INFO org.flywaydb.core.internal.logging.slf4j.Slf4jLog [main] Migrating schema `geek_market` to version 1 - initialize
2018-12-07 12:32:08,213 WARN org.flywaydb.core.internal.logging.slf4j.Slf4jLog [main] DB: Unknown table 'geek_market.users' (SQL State: 42S02 - Error Code: 1051)
2018-12-07 12:32:08,241 WARN org.flywaydb.core.internal.logging.slf4j.Slf4jLog [main] DB: Unknown table 'geek_market.roles' (SQL State: 42S02 - Error Code: 1051)
2018-12-07 12:32:08,265 WARN org.flywaydb.core.internal.logging.slf4j.Slf4jLog [main] DB: Unknown table 'geek_market.users_roles' (SQL State: 42S02 - Error Code: 1051)
2018-12-07 12:32:08,294 WARN org.flywaydb.core.internal.logging.slf4j.Slf4jLog [main] DB: Unknown table 'geek_market.categories' (SQL State: 42S02 - Error Code: 1051)
2018-12-07 12:32:08,323 WARN org.flywaydb.core.internal.logging.slf4j.Slf4jLog [main] DB: Unknown table 'geek_market.products' (SQL State: 42S02 - Error Code: 1051)
2018-12-07 12:32:08,354 WARN org.flywaydb.core.internal.logging.slf4j.Slf4jLog [main] DB: Unknown table 'geek_market.orders_statuses' (SQL State: 42S02 - Error Code: 1051)
2018-12-07 12:32:08,388 WARN org.flywaydb.core.internal.logging.slf4j.Slf4jLog [main] DB: Unknown table 'geek_market.orders' (SQL State: 42S02 - Error Code: 1051)
2018-12-07 12:32:08,422 WARN org.flywaydb.core.internal.logging.slf4j.Slf4jLog [main] DB: Unknown table 'geek_market.orders_item' (SQL State: 42S02 - Error Code: 1051)
2018-12-07 12:32:08,523 INFO org.flywaydb.core.internal.logging.slf4j.Slf4jLog [main] Successfully applied 1 migration to schema `geek_market` (execution time 00:00.415s)
2018-12-07 12:32:08,999 INFO org.hibernate.jpa.internal.util.LogHelper [main] HHH000204: Processing PersistenceUnitInfo [
	name: default
	...]
2018-12-07 12:32:09,272 INFO org.hibernate.Version [main] HHH000412: Hibernate Core {5.3.7.Final}
2018-12-07 12:32:09,279 INFO org.hibernate.cfg.Environment [main] HHH000206: hibernate.properties not found
2018-12-07 12:32:09,832 INFO org.hibernate.annotations.common.reflection.java.JavaReflectionManager [main] HCANN000001: Hibernate Commons Annotations {5.0.4.Final}
2018-12-07 12:32:10,469 INFO org.hibernate.dialect.Dialect [main] HHH000400: Using dialect: org.hibernate.dialect.MySQL5Dialect
2018-12-07 12:32:13,966 INFO org.springframework.orm.jpa.AbstractEntityManagerFactoryBean [main] Initialized JPA EntityManagerFactory for persistence unit 'default'
2018-12-07 12:32:16,748 INFO org.springframework.scheduling.concurrent.ExecutorConfigurationSupport [main] Initializing ExecutorService 'applicationTaskExecutor'
2018-12-07 12:32:16,923 WARN org.springframework.boot.autoconfigure.orm.jpa.JpaBaseConfiguration$JpaWebConfiguration$JpaWebMvcConfiguration [main] spring.jpa.open-in-view is enabled by default. Therefore, database queries may be performed during view rendering. Explicitly configure spring.jpa.open-in-view to disable this warning
2018-12-07 12:32:17,710 INFO org.springframework.boot.autoconfigure.web.servlet.WelcomePageHandlerMapping [main] Adding welcome page template: index
2018-12-07 12:32:18,718 INFO org.springframework.security.web.DefaultSecurityFilterChain [main] Creating filter chain: any request, [org.springframework.security.web.context.request.async.WebAsyncManagerIntegrationFilter@43ee1cf7, org.springframework.security.web.context.SecurityContextPersistenceFilter@41f23499, org.springframework.security.web.header.HeaderWriterFilter@217b0952, org.springframework.security.web.csrf.CsrfFilter@4544ab46, org.springframework.security.web.authentication.logout.LogoutFilter@19c1f6f4, org.springframework.security.web.authentication.UsernamePasswordAuthenticationFilter@756200d1, org.springframework.security.web.savedrequest.RequestCacheAwareFilter@1f19d423, org.springframework.security.web.servletapi.SecurityContextHolderAwareRequestFilter@68360fb9, org.springframework.security.web.authentication.AnonymousAuthenticationFilter@24954e82, org.springframework.security.web.session.SessionManagementFilter@36330be8, org.springframework.security.web.access.ExceptionTranslationFilter@519b0f00, org.springframework.security.web.access.intercept.FilterSecurityInterceptor@4af84a76]
2018-12-07 12:32:19,839 INFO org.springframework.boot.actuate.endpoint.web.EndpointLinksResolver [main] Exposing 16 endpoint(s) beneath base path '/actuator'
2018-12-07 12:32:20,257 INFO org.apache.juli.logging.DirectJDKLog [main] Starting ProtocolHandler ["http-nio-8189"]
2018-12-07 12:32:20,273 INFO org.apache.juli.logging.DirectJDKLog [main] Using a shared selector for servlet write/read
2018-12-07 12:32:20,327 INFO org.springframework.boot.web.embedded.tomcat.TomcatWebServer [main] Tomcat started on port(s): 8189 (http) with context path '/geekmarket'
2018-12-07 12:32:20,333 INFO org.springframework.boot.StartupInfoLogger [main] Started GeekMarketApplication in 29.369 seconds (JVM running for 31.977)
2018-12-07 12:35:33,886 INFO org.apache.juli.logging.DirectJDKLog [http-nio-8189-exec-1] Initializing Spring DispatcherServlet 'dispatcherServlet'
2018-12-07 12:35:33,887 INFO org.springframework.web.servlet.FrameworkServlet [http-nio-8189-exec-1] Initializing Servlet 'dispatcherServlet'
2018-12-07 12:35:33,930 INFO org.springframework.web.servlet.FrameworkServlet [http-nio-8189-exec-1] Completed initialization in 42 ms
2018-12-07 12:35:34,504 INFO org.hibernate.hql.internal.QueryTranslatorFactoryInitiator [http-nio-8189-exec-1] HHH000397: Using ASTQueryTranslatorFactory
